{"/Users/erinsebastian/Desktop/COSC-4353/server/controllers/adminLoginController.js": {"path":"/Users/erinsebastian/Desktop/COSC-4353/server/controllers/adminLoginController.js","statementMap":{"0":{"start":{"line":1,"column":26},"end":{"line":4,"column":3}},"1":{"start":{"line":6,"column":21},"end":{"line":28,"column":3}},"2":{"start":{"line":7,"column":35},"end":{"line":7,"column":43}},"3":{"start":{"line":9,"column":4},"end":{"line":11,"column":5}},"4":{"start":{"line":10,"column":6},"end":{"line":10,"column":79}},"5":{"start":{"line":13,"column":4},"end":{"line":27,"column":5}},"6":{"start":{"line":17,"column":6},"end":{"line":24,"column":9}},"7":{"start":{"line":26,"column":6},"end":{"line":26,"column":70}},"8":{"start":{"line":30,"column":2},"end":{"line":30,"column":34}}},"fnMap":{"0":{"name":"(anonymous_0)","decl":{"start":{"line":6,"column":21},"end":{"line":6,"column":22}},"loc":{"start":{"line":6,"column":35},"end":{"line":28,"column":3}},"line":6}},"branchMap":{"0":{"loc":{"start":{"line":9,"column":4},"end":{"line":11,"column":5}},"type":"if","locations":[{"start":{"line":9,"column":4},"end":{"line":11,"column":5}},{"start":{},"end":{}}],"line":9},"1":{"loc":{"start":{"line":9,"column":8},"end":{"line":9,"column":30}},"type":"binary-expr","locations":[{"start":{"line":9,"column":8},"end":{"line":9,"column":17}},{"start":{"line":9,"column":21},"end":{"line":9,"column":30}}],"line":9},"2":{"loc":{"start":{"line":13,"column":4},"end":{"line":27,"column":5}},"type":"if","locations":[{"start":{"line":13,"column":4},"end":{"line":27,"column":5}},{"start":{"line":25,"column":11},"end":{"line":27,"column":5}}],"line":13},"3":{"loc":{"start":{"line":14,"column":6},"end":{"line":15,"column":45}},"type":"binary-expr","locations":[{"start":{"line":14,"column":6},"end":{"line":14,"column":45}},{"start":{"line":15,"column":6},"end":{"line":15,"column":45}}],"line":14}},"s":{"0":1,"1":1,"2":3,"3":3,"4":1,"5":2,"6":1,"7":1,"8":1},"f":{"0":3},"b":{"0":[1,2],"1":[3,2],"2":[1,1],"3":[2,1]},"_coverageSchema":"1a1c01bbd47fc00a2c39e90264f33305004495a9","hash":"6b89bbf7b9c3730b56f995e2109833acba63153e"}
,"/Users/erinsebastian/Desktop/COSC-4353/server/controllers/eventController.js": {"path":"/Users/erinsebastian/Desktop/COSC-4353/server/controllers/eventController.js","statementMap":{"0":{"start":{"line":1,"column":13},"end":{"line":1,"column":15}},"1":{"start":{"line":3,"column":18},"end":{"line":5,"column":1}},"2":{"start":{"line":4,"column":2},"end":{"line":4,"column":19}},"3":{"start":{"line":7,"column":20},"end":{"line":33,"column":1}},"4":{"start":{"line":11,"column":6},"end":{"line":11,"column":14}},"5":{"start":{"line":13,"column":2},"end":{"line":15,"column":3}},"6":{"start":{"line":14,"column":4},"end":{"line":14,"column":72}},"7":{"start":{"line":17,"column":19},"end":{"line":29,"column":3}},"8":{"start":{"line":31,"column":2},"end":{"line":31,"column":24}},"9":{"start":{"line":32,"column":2},"end":{"line":32,"column":70}},"10":{"start":{"line":35,"column":20},"end":{"line":44,"column":1}},"11":{"start":{"line":36,"column":17},"end":{"line":36,"column":27}},"12":{"start":{"line":37,"column":21},"end":{"line":37,"column":62}},"13":{"start":{"line":37,"column":45},"end":{"line":37,"column":61}},"14":{"start":{"line":38,"column":2},"end":{"line":40,"column":3}},"15":{"start":{"line":39,"column":4},"end":{"line":39,"column":64}},"16":{"start":{"line":42,"column":2},"end":{"line":42,"column":62}},"17":{"start":{"line":43,"column":2},"end":{"line":43,"column":68}},"18":{"start":{"line":46,"column":20},"end":{"line":55,"column":1}},"19":{"start":{"line":47,"column":17},"end":{"line":47,"column":27}},"20":{"start":{"line":48,"column":16},"end":{"line":48,"column":57}},"21":{"start":{"line":48,"column":40},"end":{"line":48,"column":56}},"22":{"start":{"line":49,"column":2},"end":{"line":51,"column":3}},"23":{"start":{"line":50,"column":4},"end":{"line":50,"column":64}},"24":{"start":{"line":53,"column":2},"end":{"line":53,"column":26}},"25":{"start":{"line":54,"column":2},"end":{"line":54,"column":41}},"26":{"start":{"line":57,"column":0},"end":{"line":63,"column":2}}},"fnMap":{"0":{"name":"(anonymous_0)","decl":{"start":{"line":3,"column":18},"end":{"line":3,"column":19}},"loc":{"start":{"line":3,"column":32},"end":{"line":5,"column":1}},"line":3},"1":{"name":"(anonymous_1)","decl":{"start":{"line":7,"column":20},"end":{"line":7,"column":21}},"loc":{"start":{"line":7,"column":34},"end":{"line":33,"column":1}},"line":7},"2":{"name":"(anonymous_2)","decl":{"start":{"line":35,"column":20},"end":{"line":35,"column":21}},"loc":{"start":{"line":35,"column":34},"end":{"line":44,"column":1}},"line":35},"3":{"name":"(anonymous_3)","decl":{"start":{"line":37,"column":38},"end":{"line":37,"column":39}},"loc":{"start":{"line":37,"column":45},"end":{"line":37,"column":61}},"line":37},"4":{"name":"(anonymous_4)","decl":{"start":{"line":46,"column":20},"end":{"line":46,"column":21}},"loc":{"start":{"line":46,"column":34},"end":{"line":55,"column":1}},"line":46},"5":{"name":"(anonymous_5)","decl":{"start":{"line":48,"column":33},"end":{"line":48,"column":34}},"loc":{"start":{"line":48,"column":40},"end":{"line":48,"column":56}},"line":48}},"branchMap":{"0":{"loc":{"start":{"line":13,"column":2},"end":{"line":15,"column":3}},"type":"if","locations":[{"start":{"line":13,"column":2},"end":{"line":15,"column":3}},{"start":{},"end":{}}],"line":13},"1":{"loc":{"start":{"line":13,"column":6},"end":{"line":13,"column":100}},"type":"binary-expr","locations":[{"start":{"line":13,"column":6},"end":{"line":13,"column":11}},{"start":{"line":13,"column":15},"end":{"line":13,"column":27}},{"start":{"line":13,"column":31},"end":{"line":13,"column":36}},{"start":{"line":13,"column":40},"end":{"line":13,"column":46}},{"start":{"line":13,"column":50},"end":{"line":13,"column":54}},{"start":{"line":13,"column":58},"end":{"line":13,"column":72}},{"start":{"line":13,"column":76},"end":{"line":13,"column":100}}],"line":13},"2":{"loc":{"start":{"line":38,"column":2},"end":{"line":40,"column":3}},"type":"if","locations":[{"start":{"line":38,"column":2},"end":{"line":40,"column":3}},{"start":{},"end":{}}],"line":38},"3":{"loc":{"start":{"line":49,"column":2},"end":{"line":51,"column":3}},"type":"if","locations":[{"start":{"line":49,"column":2},"end":{"line":51,"column":3}},{"start":{},"end":{}}],"line":49}},"s":{"0":1,"1":1,"2":1,"3":1,"4":2,"5":2,"6":1,"7":1,"8":1,"9":1,"10":1,"11":2,"12":2,"13":2,"14":2,"15":1,"16":1,"17":1,"18":1,"19":2,"20":2,"21":2,"22":2,"23":1,"24":1,"25":1,"26":1},"f":{"0":1,"1":2,"2":2,"3":2,"4":2,"5":2},"b":{"0":[1,1],"1":[2,2,1,1,1,1,1],"2":[1,1],"3":[1,1]},"_coverageSchema":"1a1c01bbd47fc00a2c39e90264f33305004495a9","hash":"1ab50e1ca02db66dcf85f451b3e14df99b57b41e"}
,"/Users/erinsebastian/Desktop/COSC-4353/server/controllers/userController.js": {"path":"/Users/erinsebastian/Desktop/COSC-4353/server/controllers/userController.js","statementMap":{"0":{"start":{"line":1,"column":14},"end":{"line":11,"column":1}},"1":{"start":{"line":14,"column":21},"end":{"line":14,"column":58}},"2":{"start":{"line":14,"column":32},"end":{"line":14,"column":58}},"3":{"start":{"line":15,"column":25},"end":{"line":15,"column":72}},"4":{"start":{"line":15,"column":34},"end":{"line":15,"column":72}},"5":{"start":{"line":17,"column":21},"end":{"line":50,"column":1}},"6":{"start":{"line":18,"column":61},"end":{"line":18,"column":69}},"7":{"start":{"line":20,"column":2},"end":{"line":22,"column":3}},"8":{"start":{"line":21,"column":4},"end":{"line":21,"column":71}},"9":{"start":{"line":24,"column":2},"end":{"line":26,"column":3}},"10":{"start":{"line":25,"column":4},"end":{"line":25,"column":68}},"11":{"start":{"line":28,"column":2},"end":{"line":32,"column":3}},"12":{"start":{"line":29,"column":4},"end":{"line":31,"column":6}},"13":{"start":{"line":34,"column":2},"end":{"line":36,"column":3}},"14":{"start":{"line":34,"column":24},"end":{"line":34,"column":68}},"15":{"start":{"line":35,"column":4},"end":{"line":35,"column":80}},"16":{"start":{"line":38,"column":18},"end":{"line":46,"column":3}},"17":{"start":{"line":48,"column":2},"end":{"line":48,"column":21}},"18":{"start":{"line":49,"column":2},"end":{"line":49,"column":67}},"19":{"start":{"line":52,"column":18},"end":{"line":65,"column":1}},"20":{"start":{"line":53,"column":33},"end":{"line":53,"column":41}},"21":{"start":{"line":54,"column":2},"end":{"line":55,"column":76}},"22":{"start":{"line":55,"column":4},"end":{"line":55,"column":76}},"23":{"start":{"line":57,"column":15},"end":{"line":59,"column":3}},"24":{"start":{"line":58,"column":4},"end":{"line":58,"column":80}},"25":{"start":{"line":60,"column":2},"end":{"line":61,"column":67}},"26":{"start":{"line":61,"column":4},"end":{"line":61,"column":67}},"27":{"start":{"line":63,"column":50},"end":{"line":63,"column":54}},"28":{"start":{"line":64,"column":2},"end":{"line":64,"column":82}},"29":{"start":{"line":67,"column":24},"end":{"line":75,"column":1}},"30":{"start":{"line":68,"column":23},"end":{"line":68,"column":31}},"31":{"start":{"line":69,"column":15},"end":{"line":69,"column":57}},"32":{"start":{"line":69,"column":33},"end":{"line":69,"column":56}},"33":{"start":{"line":70,"column":2},"end":{"line":71,"column":62}},"34":{"start":{"line":71,"column":4},"end":{"line":71,"column":62}},"35":{"start":{"line":73,"column":2},"end":{"line":73,"column":31}},"36":{"start":{"line":74,"column":2},"end":{"line":74,"column":69}},"37":{"start":{"line":77,"column":0},"end":{"line":82,"column":1}}},"fnMap":{"0":{"name":"(anonymous_0)","decl":{"start":{"line":14,"column":21},"end":{"line":14,"column":22}},"loc":{"start":{"line":14,"column":32},"end":{"line":14,"column":58}},"line":14},"1":{"name":"(anonymous_1)","decl":{"start":{"line":15,"column":25},"end":{"line":15,"column":26}},"loc":{"start":{"line":15,"column":34},"end":{"line":15,"column":72}},"line":15},"2":{"name":"(anonymous_2)","decl":{"start":{"line":17,"column":21},"end":{"line":17,"column":22}},"loc":{"start":{"line":17,"column":35},"end":{"line":50,"column":1}},"line":17},"3":{"name":"(anonymous_3)","decl":{"start":{"line":34,"column":17},"end":{"line":34,"column":18}},"loc":{"start":{"line":34,"column":24},"end":{"line":34,"column":68}},"line":34},"4":{"name":"(anonymous_4)","decl":{"start":{"line":52,"column":18},"end":{"line":52,"column":19}},"loc":{"start":{"line":52,"column":32},"end":{"line":65,"column":1}},"line":52},"5":{"name":"(anonymous_5)","decl":{"start":{"line":57,"column":26},"end":{"line":57,"column":27}},"loc":{"start":{"line":58,"column":4},"end":{"line":58,"column":80}},"line":58},"6":{"name":"(anonymous_6)","decl":{"start":{"line":67,"column":24},"end":{"line":67,"column":25}},"loc":{"start":{"line":67,"column":38},"end":{"line":75,"column":1}},"line":67},"7":{"name":"(anonymous_7)","decl":{"start":{"line":69,"column":26},"end":{"line":69,"column":27}},"loc":{"start":{"line":69,"column":33},"end":{"line":69,"column":56}},"line":69}},"branchMap":{"0":{"loc":{"start":{"line":20,"column":2},"end":{"line":22,"column":3}},"type":"if","locations":[{"start":{"line":20,"column":2},"end":{"line":22,"column":3}},{"start":{},"end":{}}],"line":20},"1":{"loc":{"start":{"line":20,"column":6},"end":{"line":20,"column":65}},"type":"binary-expr","locations":[{"start":{"line":20,"column":6},"end":{"line":20,"column":15}},{"start":{"line":20,"column":19},"end":{"line":20,"column":25}},{"start":{"line":20,"column":29},"end":{"line":20,"column":38}},{"start":{"line":20,"column":42},"end":{"line":20,"column":52}},{"start":{"line":20,"column":56},"end":{"line":20,"column":65}}],"line":20},"2":{"loc":{"start":{"line":24,"column":2},"end":{"line":26,"column":3}},"type":"if","locations":[{"start":{"line":24,"column":2},"end":{"line":26,"column":3}},{"start":{},"end":{}}],"line":24},"3":{"loc":{"start":{"line":28,"column":2},"end":{"line":32,"column":3}},"type":"if","locations":[{"start":{"line":28,"column":2},"end":{"line":32,"column":3}},{"start":{},"end":{}}],"line":28},"4":{"loc":{"start":{"line":34,"column":2},"end":{"line":36,"column":3}},"type":"if","locations":[{"start":{"line":34,"column":2},"end":{"line":36,"column":3}},{"start":{},"end":{}}],"line":34},"5":{"loc":{"start":{"line":34,"column":24},"end":{"line":34,"column":68}},"type":"binary-expr","locations":[{"start":{"line":34,"column":24},"end":{"line":34,"column":47}},{"start":{"line":34,"column":51},"end":{"line":34,"column":68}}],"line":34},"6":{"loc":{"start":{"line":54,"column":2},"end":{"line":55,"column":76}},"type":"if","locations":[{"start":{"line":54,"column":2},"end":{"line":55,"column":76}},{"start":{},"end":{}}],"line":54},"7":{"loc":{"start":{"line":54,"column":6},"end":{"line":54,"column":28}},"type":"binary-expr","locations":[{"start":{"line":54,"column":6},"end":{"line":54,"column":15}},{"start":{"line":54,"column":19},"end":{"line":54,"column":28}}],"line":54},"8":{"loc":{"start":{"line":58,"column":4},"end":{"line":58,"column":80}},"type":"binary-expr","locations":[{"start":{"line":58,"column":5},"end":{"line":58,"column":28}},{"start":{"line":58,"column":32},"end":{"line":58,"column":52}},{"start":{"line":58,"column":57},"end":{"line":58,"column":80}}],"line":58},"9":{"loc":{"start":{"line":60,"column":2},"end":{"line":61,"column":67}},"type":"if","locations":[{"start":{"line":60,"column":2},"end":{"line":61,"column":67}},{"start":{},"end":{}}],"line":60},"10":{"loc":{"start":{"line":70,"column":2},"end":{"line":71,"column":62}},"type":"if","locations":[{"start":{"line":70,"column":2},"end":{"line":71,"column":62}},{"start":{},"end":{}}],"line":70}},"s":{"0":1,"1":1,"2":3,"3":1,"4":3,"5":1,"6":3,"7":3,"8":0,"9":3,"10":0,"11":3,"12":1,"13":2,"14":2,"15":1,"16":1,"17":1,"18":1,"19":1,"20":2,"21":2,"22":0,"23":2,"24":2,"25":2,"26":1,"27":1,"28":1,"29":1,"30":2,"31":2,"32":2,"33":2,"34":1,"35":1,"36":1,"37":1},"f":{"0":3,"1":3,"2":3,"3":2,"4":2,"5":2,"6":2,"7":2},"b":{"0":[0,3],"1":[3,3,3,3,3],"2":[0,3],"3":[1,2],"4":[1,1],"5":[2,2],"6":[0,2],"7":[2,2],"8":[2,0,2],"9":[1,1],"10":[1,1]},"_coverageSchema":"1a1c01bbd47fc00a2c39e90264f33305004495a9","hash":"f5a0958d8ea6b43aeff1df2e56fb6f699c120979"}
}
