TN:
SF:controllers/adminLoginController.js
FN:6,(anonymous_0)
FNF:1
FNH:1
FNDA:3,(anonymous_0)
DA:1,1
DA:6,1
DA:7,3
DA:9,3
DA:10,1
DA:13,2
DA:17,1
DA:26,1
DA:30,1
LF:9
LH:9
BRDA:9,0,0,1
BRDA:9,0,1,2
BRDA:9,1,0,3
BRDA:9,1,1,2
BRDA:13,2,0,1
BRDA:13,2,1,1
BRDA:14,3,0,2
BRDA:14,3,1,1
BRF:8
BRH:8
end_of_record
TN:
SF:controllers/eventController.js
FN:3,(anonymous_0)
FN:7,(anonymous_1)
FN:35,(anonymous_2)
FN:37,(anonymous_3)
FN:46,(anonymous_4)
FN:48,(anonymous_5)
FNF:6
FNH:6
FNDA:1,(anonymous_0)
FNDA:2,(anonymous_1)
FNDA:2,(anonymous_2)
FNDA:2,(anonymous_3)
FNDA:2,(anonymous_4)
FNDA:2,(anonymous_5)
DA:1,1
DA:3,1
DA:4,1
DA:7,1
DA:11,2
DA:13,2
DA:14,1
DA:17,1
DA:31,1
DA:32,1
DA:35,1
DA:36,2
DA:37,2
DA:38,2
DA:39,1
DA:42,1
DA:43,1
DA:46,1
DA:47,2
DA:48,2
DA:49,2
DA:50,1
DA:53,1
DA:54,1
DA:57,1
LF:25
LH:25
BRDA:13,0,0,1
BRDA:13,0,1,1
BRDA:13,1,0,2
BRDA:13,1,1,2
BRDA:13,1,2,1
BRDA:13,1,3,1
BRDA:13,1,4,1
BRDA:13,1,5,1
BRDA:13,1,6,1
BRDA:38,2,0,1
BRDA:38,2,1,1
BRDA:49,3,0,1
BRDA:49,3,1,1
BRF:13
BRH:13
end_of_record
TN:
SF:controllers/userController.js
FN:14,(anonymous_0)
FN:15,(anonymous_1)
FN:17,(anonymous_2)
FN:34,(anonymous_3)
FN:52,(anonymous_4)
FN:57,(anonymous_5)
FN:67,(anonymous_6)
FN:69,(anonymous_7)
FNF:8
FNH:8
FNDA:3,(anonymous_0)
FNDA:3,(anonymous_1)
FNDA:3,(anonymous_2)
FNDA:2,(anonymous_3)
FNDA:2,(anonymous_4)
FNDA:2,(anonymous_5)
FNDA:2,(anonymous_6)
FNDA:2,(anonymous_7)
DA:1,1
DA:14,3
DA:15,3
DA:17,1
DA:18,3
DA:20,3
DA:21,0
DA:24,3
DA:25,0
DA:28,3
DA:29,1
DA:34,2
DA:35,1
DA:38,1
DA:48,1
DA:49,1
DA:52,1
DA:53,2
DA:54,2
DA:55,0
DA:57,2
DA:58,2
DA:60,2
DA:61,1
DA:63,1
DA:64,1
DA:67,1
DA:68,2
DA:69,2
DA:70,2
DA:71,1
DA:73,1
DA:74,1
DA:77,1
LF:34
LH:31
BRDA:20,0,0,0
BRDA:20,0,1,3
BRDA:20,1,0,3
BRDA:20,1,1,3
BRDA:20,1,2,3
BRDA:20,1,3,3
BRDA:20,1,4,3
BRDA:24,2,0,0
BRDA:24,2,1,3
BRDA:28,3,0,1
BRDA:28,3,1,2
BRDA:34,4,0,1
BRDA:34,4,1,1
BRDA:34,5,0,2
BRDA:34,5,1,2
BRDA:54,6,0,0
BRDA:54,6,1,2
BRDA:54,7,0,2
BRDA:54,7,1,2
BRDA:58,8,0,2
BRDA:58,8,1,0
BRDA:58,8,2,2
BRDA:60,9,0,1
BRDA:60,9,1,1
BRDA:70,10,0,1
BRDA:70,10,1,1
BRF:26
BRH:22
end_of_record
