<?xml version="1.0" encoding="UTF-8"?>
<coverage generated="1752886673883" clover="3.2.0">
  <project timestamp="1752886673883" name="All files">
    <metrics statements="113" coveredstatements="109" conditionals="87" coveredconditionals="81" methods="23" coveredmethods="23" elements="223" coveredelements="213" complexity="0" loc="113" ncloc="113" packages="1" files="5" classes="5"/>
    <file name="adminLoginController.js" path="/Users/erinsebastian/Desktop/COSC-4353/server/controllers/adminLoginController.js">
      <metrics statements="9" coveredstatements="9" conditionals="8" coveredconditionals="8" methods="1" coveredmethods="1"/>
      <line num="1" count="1" type="stmt"/>
      <line num="6" count="1" type="stmt"/>
      <line num="7" count="3" type="stmt"/>
      <line num="9" count="3" type="cond" truecount="4" falsecount="0"/>
      <line num="10" count="1" type="stmt"/>
      <line num="13" count="2" type="cond" truecount="2" falsecount="0"/>
      <line num="17" count="1" type="stmt"/>
      <line num="26" count="1" type="stmt"/>
      <line num="30" count="1" type="stmt"/>
    </file>
    <file name="eventController.js" path="/Users/erinsebastian/Desktop/COSC-4353/server/controllers/eventController.js">
      <metrics statements="25" coveredstatements="25" conditionals="13" coveredconditionals="13" methods="6" coveredmethods="6"/>
      <line num="1" count="1" type="stmt"/>
      <line num="3" count="1" type="stmt"/>
      <line num="4" count="1" type="stmt"/>
      <line num="7" count="1" type="stmt"/>
      <line num="11" count="2" type="stmt"/>
      <line num="13" count="2" type="cond" truecount="9" falsecount="0"/>
      <line num="14" count="1" type="stmt"/>
      <line num="17" count="1" type="stmt"/>
      <line num="31" count="1" type="stmt"/>
      <line num="32" count="1" type="stmt"/>
      <line num="35" count="1" type="stmt"/>
      <line num="36" count="2" type="stmt"/>
      <line num="37" count="2" type="stmt"/>
      <line num="38" count="2" type="cond" truecount="2" falsecount="0"/>
      <line num="39" count="1" type="stmt"/>
      <line num="42" count="1" type="stmt"/>
      <line num="43" count="1" type="stmt"/>
      <line num="46" count="1" type="stmt"/>
      <line num="47" count="2" type="stmt"/>
      <line num="48" count="2" type="stmt"/>
      <line num="49" count="2" type="cond" truecount="2" falsecount="0"/>
      <line num="50" count="1" type="stmt"/>
      <line num="53" count="1" type="stmt"/>
      <line num="54" count="1" type="stmt"/>
      <line num="57" count="1" type="stmt"/>
    </file>
    <file name="matchingController.js" path="/Users/erinsebastian/Desktop/COSC-4353/server/controllers/matchingController.js">
      <metrics statements="15" coveredstatements="14" conditionals="5" coveredconditionals="4" methods="5" coveredmethods="5"/>
      <line num="1" count="1" type="stmt"/>
      <line num="2" count="1" type="stmt"/>
      <line num="4" count="1" type="stmt"/>
      <line num="14" count="1" type="stmt"/>
      <line num="31" count="1" type="stmt"/>
      <line num="33" count="1" type="cond" truecount="1" falsecount="1"/>
      <line num="34" count="0" type="stmt"/>
      <line num="37" count="1" type="stmt"/>
      <line num="38" count="2" type="stmt"/>
      <line num="39" count="2" type="stmt"/>
      <line num="41" count="2" type="stmt"/>
      <line num="42" count="2" type="stmt"/>
      <line num="43" count="2" type="cond" truecount="3" falsecount="0"/>
      <line num="46" count="1" type="stmt"/>
      <line num="51" count="2" type="stmt"/>
    </file>
    <file name="profileController.js" path="/Users/erinsebastian/Desktop/COSC-4353/server/controllers/profileController.js">
      <metrics statements="30" coveredstatements="30" conditionals="35" coveredconditionals="34" methods="3" coveredmethods="3"/>
      <line num="2" count="1" type="stmt"/>
      <line num="6" count="9" type="stmt"/>
      <line num="8" count="9" type="cond" truecount="4" falsecount="0"/>
      <line num="9" count="1" type="stmt"/>
      <line num="10" count="8" type="cond" truecount="4" falsecount="0"/>
      <line num="11" count="1" type="stmt"/>
      <line num="12" count="7" type="cond" truecount="4" falsecount="0"/>
      <line num="13" count="1" type="stmt"/>
      <line num="14" count="6" type="cond" truecount="4" falsecount="0"/>
      <line num="15" count="1" type="stmt"/>
      <line num="16" count="5" type="cond" truecount="5" falsecount="0"/>
      <line num="17" count="1" type="stmt"/>
      <line num="18" count="4" type="cond" truecount="4" falsecount="0"/>
      <line num="19" count="1" type="stmt"/>
      <line num="20" count="3" type="cond" truecount="4" falsecount="0"/>
      <line num="21" count="1" type="stmt"/>
      <line num="23" count="2" type="stmt"/>
      <line num="27" count="1" type="stmt"/>
      <line num="28" count="9" type="stmt"/>
      <line num="29" count="9" type="cond" truecount="1" falsecount="1"/>
      <line num="31" count="9" type="stmt"/>
      <line num="32" count="9" type="cond" truecount="2" falsecount="0"/>
      <line num="34" count="2" type="stmt"/>
      <line num="36" count="2" type="stmt"/>
      <line num="40" count="1" type="stmt"/>
      <line num="41" count="2" type="stmt"/>
      <line num="42" count="2" type="stmt"/>
      <line num="44" count="2" type="cond" truecount="2" falsecount="0"/>
      <line num="45" count="1" type="stmt"/>
      <line num="48" count="1" type="stmt"/>
    </file>
    <file name="userController.js" path="/Users/erinsebastian/Desktop/COSC-4353/server/controllers/userController.js">
      <metrics statements="34" coveredstatements="31" conditionals="26" coveredconditionals="22" methods="8" coveredmethods="8"/>
      <line num="1" count="1" type="stmt"/>
      <line num="14" count="3" type="stmt"/>
      <line num="15" count="3" type="stmt"/>
      <line num="17" count="1" type="stmt"/>
      <line num="18" count="3" type="stmt"/>
      <line num="20" count="3" type="cond" truecount="6" falsecount="1"/>
      <line num="21" count="0" type="stmt"/>
      <line num="24" count="3" type="cond" truecount="1" falsecount="1"/>
      <line num="25" count="0" type="stmt"/>
      <line num="28" count="3" type="cond" truecount="2" falsecount="0"/>
      <line num="29" count="1" type="stmt"/>
      <line num="34" count="2" type="cond" truecount="4" falsecount="0"/>
      <line num="35" count="1" type="stmt"/>
      <line num="38" count="1" type="stmt"/>
      <line num="48" count="1" type="stmt"/>
      <line num="49" count="1" type="stmt"/>
      <line num="52" count="1" type="stmt"/>
      <line num="53" count="2" type="stmt"/>
      <line num="54" count="2" type="cond" truecount="3" falsecount="1"/>
      <line num="55" count="0" type="stmt"/>
      <line num="57" count="2" type="stmt"/>
      <line num="58" count="2" type="cond" truecount="2" falsecount="1"/>
      <line num="60" count="2" type="cond" truecount="2" falsecount="0"/>
      <line num="61" count="1" type="stmt"/>
      <line num="63" count="1" type="stmt"/>
      <line num="64" count="1" type="stmt"/>
      <line num="67" count="1" type="stmt"/>
      <line num="68" count="2" type="stmt"/>
      <line num="69" count="2" type="stmt"/>
      <line num="70" count="2" type="cond" truecount="2" falsecount="0"/>
      <line num="71" count="1" type="stmt"/>
      <line num="73" count="1" type="stmt"/>
      <line num="74" count="1" type="stmt"/>
      <line num="77" count="1" type="stmt"/>
    </file>
  </project>
</coverage>
