{"/Users/erinsebastian/Desktop/COSC-4353/server/controllers/adminLoginController.js": {"path":"/Users/erinsebastian/Desktop/COSC-4353/server/controllers/adminLoginController.js","statementMap":{"0":{"start":{"line":1,"column":26},"end":{"line":4,"column":3}},"1":{"start":{"line":6,"column":21},"end":{"line":28,"column":3}},"2":{"start":{"line":7,"column":35},"end":{"line":7,"column":43}},"3":{"start":{"line":9,"column":4},"end":{"line":11,"column":5}},"4":{"start":{"line":10,"column":6},"end":{"line":10,"column":79}},"5":{"start":{"line":13,"column":4},"end":{"line":27,"column":5}},"6":{"start":{"line":17,"column":6},"end":{"line":24,"column":9}},"7":{"start":{"line":26,"column":6},"end":{"line":26,"column":70}},"8":{"start":{"line":30,"column":2},"end":{"line":30,"column":34}}},"fnMap":{"0":{"name":"(anonymous_0)","decl":{"start":{"line":6,"column":21},"end":{"line":6,"column":22}},"loc":{"start":{"line":6,"column":35},"end":{"line":28,"column":3}},"line":6}},"branchMap":{"0":{"loc":{"start":{"line":9,"column":4},"end":{"line":11,"column":5}},"type":"if","locations":[{"start":{"line":9,"column":4},"end":{"line":11,"column":5}},{"start":{},"end":{}}],"line":9},"1":{"loc":{"start":{"line":9,"column":8},"end":{"line":9,"column":30}},"type":"binary-expr","locations":[{"start":{"line":9,"column":8},"end":{"line":9,"column":17}},{"start":{"line":9,"column":21},"end":{"line":9,"column":30}}],"line":9},"2":{"loc":{"start":{"line":13,"column":4},"end":{"line":27,"column":5}},"type":"if","locations":[{"start":{"line":13,"column":4},"end":{"line":27,"column":5}},{"start":{"line":25,"column":11},"end":{"line":27,"column":5}}],"line":13},"3":{"loc":{"start":{"line":14,"column":6},"end":{"line":15,"column":45}},"type":"binary-expr","locations":[{"start":{"line":14,"column":6},"end":{"line":14,"column":45}},{"start":{"line":15,"column":6},"end":{"line":15,"column":45}}],"line":14}},"s":{"0":1,"1":1,"2":3,"3":3,"4":1,"5":2,"6":1,"7":1,"8":1},"f":{"0":3},"b":{"0":[1,2],"1":[3,2],"2":[1,1],"3":[2,1]},"_coverageSchema":"1a1c01bbd47fc00a2c39e90264f33305004495a9","hash":"6b89bbf7b9c3730b56f995e2109833acba63153e"}
,"/Users/erinsebastian/Desktop/COSC-4353/server/controllers/matchingController.js": {"path":"/Users/erinsebastian/Desktop/COSC-4353/server/controllers/matchingController.js","statementMap":{"0":{"start":{"line":1,"column":11},"end":{"line":1,"column":34}},"1":{"start":{"line":3,"column":0},"end":{"line":80,"column":2}},"2":{"start":{"line":4,"column":18},"end":{"line":4,"column":35}},"3":{"start":{"line":6,"column":2},"end":{"line":79,"column":3}},"4":{"start":{"line":8,"column":23},"end":{"line":12,"column":16}},"5":{"start":{"line":14,"column":4},"end":{"line":14,"column":91}},"6":{"start":{"line":14,"column":26},"end":{"line":14,"column":91}},"7":{"start":{"line":16,"column":28},"end":{"line":16,"column":39}},"8":{"start":{"line":19,"column":29},"end":{"line":21,"column":16}},"9":{"start":{"line":22,"column":25},"end":{"line":22,"column":64}},"10":{"start":{"line":22,"column":51},"end":{"line":22,"column":63}},"11":{"start":{"line":24,"column":4},"end":{"line":24,"column":97}},"12":{"start":{"line":24,"column":30},"end":{"line":24,"column":97}},"13":{"start":{"line":27,"column":24},"end":{"line":29,"column":16}},"14":{"start":{"line":30,"column":27},"end":{"line":32,"column":5}},"15":{"start":{"line":31,"column":6},"end":{"line":31,"column":62}},"16":{"start":{"line":35,"column":4},"end":{"line":35,"column":105}},"17":{"start":{"line":35,"column":32},"end":{"line":35,"column":105}},"18":{"start":{"line":37,"column":27},"end":{"line":39,"column":16}},"19":{"start":{"line":40,"column":29},"end":{"line":40,"column":75}},"20":{"start":{"line":40,"column":61},"end":{"line":40,"column":73}},"21":{"start":{"line":43,"column":21},"end":{"line":45,"column":21}},"22":{"start":{"line":48,"column":26},"end":{"line":48,"column":28}},"23":{"start":{"line":50,"column":4},"end":{"line":70,"column":5}},"24":{"start":{"line":52,"column":32},"end":{"line":54,"column":26}},"25":{"start":{"line":55,"column":28},"end":{"line":55,"column":68}},"26":{"start":{"line":55,"column":55},"end":{"line":55,"column":67}},"27":{"start":{"line":57,"column":27},"end":{"line":57,"column":89}},"28":{"start":{"line":57,"column":58},"end":{"line":57,"column":88}},"29":{"start":{"line":60,"column":6},"end":{"line":60,"column":83}},"30":{"start":{"line":60,"column":74},"end":{"line":60,"column":83}},"31":{"start":{"line":61,"column":24},"end":{"line":61,"column":82}},"32":{"start":{"line":62,"column":26},"end":{"line":62,"column":60}},"33":{"start":{"line":64,"column":6},"end":{"line":69,"column":7}},"34":{"start":{"line":65,"column":8},"end":{"line":68,"column":11}},"35":{"start":{"line":72,"column":4},"end":{"line":74,"column":5}},"36":{"start":{"line":73,"column":6},"end":{"line":73,"column":73}},"37":{"start":{"line":76,"column":4},"end":{"line":76,"column":44}},"38":{"start":{"line":78,"column":4},"end":{"line":78,"column":61}}},"fnMap":{"0":{"name":"(anonymous_0)","decl":{"start":{"line":3,"column":20},"end":{"line":3,"column":21}},"loc":{"start":{"line":3,"column":40},"end":{"line":80,"column":1}},"line":3},"1":{"name":"(anonymous_1)","decl":{"start":{"line":22,"column":44},"end":{"line":22,"column":45}},"loc":{"start":{"line":22,"column":51},"end":{"line":22,"column":63}},"line":22},"2":{"name":"(anonymous_2)","decl":{"start":{"line":30,"column":41},"end":{"line":30,"column":42}},"loc":{"start":{"line":31,"column":6},"end":{"line":31,"column":62}},"line":31},"3":{"name":"(anonymous_3)","decl":{"start":{"line":40,"column":54},"end":{"line":40,"column":55}},"loc":{"start":{"line":40,"column":61},"end":{"line":40,"column":73}},"line":40},"4":{"name":"(anonymous_4)","decl":{"start":{"line":55,"column":48},"end":{"line":55,"column":49}},"loc":{"start":{"line":55,"column":55},"end":{"line":55,"column":67}},"line":55},"5":{"name":"(anonymous_5)","decl":{"start":{"line":57,"column":47},"end":{"line":57,"column":48}},"loc":{"start":{"line":57,"column":58},"end":{"line":57,"column":88}},"line":57}},"branchMap":{"0":{"loc":{"start":{"line":14,"column":4},"end":{"line":14,"column":91}},"type":"if","locations":[{"start":{"line":14,"column":4},"end":{"line":14,"column":91}},{"start":{},"end":{}}],"line":14},"1":{"loc":{"start":{"line":24,"column":4},"end":{"line":24,"column":97}},"type":"if","locations":[{"start":{"line":24,"column":4},"end":{"line":24,"column":97}},{"start":{},"end":{}}],"line":24},"2":{"loc":{"start":{"line":35,"column":4},"end":{"line":35,"column":105}},"type":"if","locations":[{"start":{"line":35,"column":4},"end":{"line":35,"column":105}},{"start":{},"end":{}}],"line":35},"3":{"loc":{"start":{"line":60,"column":6},"end":{"line":60,"column":83}},"type":"if","locations":[{"start":{"line":60,"column":6},"end":{"line":60,"column":83}},{"start":{},"end":{}}],"line":60},"4":{"loc":{"start":{"line":60,"column":10},"end":{"line":60,"column":72}},"type":"binary-expr","locations":[{"start":{"line":60,"column":10},"end":{"line":60,"column":31}},{"start":{"line":60,"column":35},"end":{"line":60,"column":72}}],"line":60},"5":{"loc":{"start":{"line":64,"column":6},"end":{"line":69,"column":7}},"type":"if","locations":[{"start":{"line":64,"column":6},"end":{"line":69,"column":7}},{"start":{},"end":{}}],"line":64},"6":{"loc":{"start":{"line":64,"column":10},"end":{"line":64,"column":37}},"type":"binary-expr","locations":[{"start":{"line":64,"column":10},"end":{"line":64,"column":22}},{"start":{"line":64,"column":26},"end":{"line":64,"column":37}}],"line":64},"7":{"loc":{"start":{"line":72,"column":4},"end":{"line":74,"column":5}},"type":"if","locations":[{"start":{"line":72,"column":4},"end":{"line":74,"column":5}},{"start":{},"end":{}}],"line":72}},"s":{"0":2,"1":2,"2":4,"3":4,"4":4,"5":3,"6":0,"7":3,"8":3,"9":3,"10":4,"11":3,"12":0,"13":3,"14":3,"15":3,"16":3,"17":0,"18":3,"19":3,"20":0,"21":3,"22":3,"23":3,"24":3,"25":3,"26":4,"27":3,"28":4,"29":3,"30":0,"31":3,"32":3,"33":3,"34":1,"35":3,"36":2,"37":1,"38":1},"f":{"0":4,"1":4,"2":3,"3":0,"4":4,"5":4},"b":{"0":[0,3],"1":[0,3],"2":[0,3],"3":[0,3],"4":[3,3],"5":[1,2],"6":[3,1],"7":[2,1]},"_coverageSchema":"1a1c01bbd47fc00a2c39e90264f33305004495a9","hash":"2a2eac7b9cc486a674b3824470ce878e41ef4739"}
,"/Users/erinsebastian/Desktop/COSC-4353/server/controllers/profileController.js": {"path":"/Users/erinsebastian/Desktop/COSC-4353/server/controllers/profileController.js","statementMap":{"0":{"start":{"line":1,"column":11},"end":{"line":1,"column":34}},"1":{"start":{"line":4,"column":22},"end":{"line":4,"column":68}},"2":{"start":{"line":4,"column":29},"end":{"line":4,"column":68}},"3":{"start":{"line":17,"column":6},"end":{"line":17,"column":10}},"4":{"start":{"line":19,"column":2},"end":{"line":19,"column":101}},"5":{"start":{"line":19,"column":41},"end":{"line":19,"column":101}},"6":{"start":{"line":20,"column":2},"end":{"line":20,"column":112}},"7":{"start":{"line":20,"column":46},"end":{"line":20,"column":112}},"8":{"start":{"line":21,"column":2},"end":{"line":21,"column":95}},"9":{"start":{"line":21,"column":45},"end":{"line":21,"column":95}},"10":{"start":{"line":22,"column":2},"end":{"line":22,"column":90}},"11":{"start":{"line":22,"column":34},"end":{"line":22,"column":90}},"12":{"start":{"line":23,"column":2},"end":{"line":23,"column":94}},"13":{"start":{"line":23,"column":36},"end":{"line":23,"column":94}},"14":{"start":{"line":24,"column":2},"end":{"line":24,"column":113}},"15":{"start":{"line":24,"column":60},"end":{"line":24,"column":113}},"16":{"start":{"line":25,"column":2},"end":{"line":25,"column":105}},"17":{"start":{"line":25,"column":64},"end":{"line":25,"column":105}},"18":{"start":{"line":26,"column":2},"end":{"line":27,"column":39}},"19":{"start":{"line":27,"column":4},"end":{"line":27,"column":39}},"20":{"start":{"line":29,"column":2},"end":{"line":29,"column":14}},"21":{"start":{"line":34,"column":24},"end":{"line":96,"column":1}},"22":{"start":{"line":35,"column":15},"end":{"line":35,"column":23}},"23":{"start":{"line":36,"column":19},"end":{"line":36,"column":46}},"24":{"start":{"line":38,"column":2},"end":{"line":40,"column":3}},"25":{"start":{"line":39,"column":4},"end":{"line":39,"column":105}},"26":{"start":{"line":42,"column":26},"end":{"line":42,"column":47}},"27":{"start":{"line":43,"column":2},"end":{"line":44,"column":78}},"28":{"start":{"line":44,"column":4},"end":{"line":44,"column":78}},"29":{"start":{"line":46,"column":2},"end":{"line":95,"column":3}},"30":{"start":{"line":47,"column":23},"end":{"line":50,"column":5}},"31":{"start":{"line":52,"column":4},"end":{"line":54,"column":5}},"32":{"start":{"line":53,"column":6},"end":{"line":53,"column":82}},"33":{"start":{"line":56,"column":20},"end":{"line":56,"column":39}},"34":{"start":{"line":58,"column":4},"end":{"line":73,"column":6}},"35":{"start":{"line":75,"column":4},"end":{"line":80,"column":5}},"36":{"start":{"line":76,"column":6},"end":{"line":79,"column":8}},"37":{"start":{"line":82,"column":4},"end":{"line":87,"column":5}},"38":{"start":{"line":83,"column":6},"end":{"line":86,"column":8}},"39":{"start":{"line":89,"column":4},"end":{"line":89,"column":90}},"40":{"start":{"line":91,"column":4},"end":{"line":91,"column":82}},"41":{"start":{"line":93,"column":4},"end":{"line":93,"column":52}},"42":{"start":{"line":94,"column":4},"end":{"line":94,"column":87}},"43":{"start":{"line":100,"column":19},"end":{"line":139,"column":1}},"44":{"start":{"line":101,"column":23},"end":{"line":101,"column":33}},"45":{"start":{"line":103,"column":2},"end":{"line":138,"column":3}},"46":{"start":{"line":104,"column":23},"end":{"line":107,"column":5}},"47":{"start":{"line":108,"column":4},"end":{"line":109,"column":82}},"48":{"start":{"line":109,"column":6},"end":{"line":109,"column":82}},"49":{"start":{"line":111,"column":20},"end":{"line":111,"column":39}},"50":{"start":{"line":113,"column":26},"end":{"line":116,"column":5}},"51":{"start":{"line":118,"column":24},"end":{"line":122,"column":5}},"52":{"start":{"line":124,"column":31},"end":{"line":127,"column":5}},"53":{"start":{"line":129,"column":4},"end":{"line":134,"column":7}},"54":{"start":{"line":133,"column":48},"end":{"line":133,"column":66}},"55":{"start":{"line":136,"column":4},"end":{"line":136,"column":50}},"56":{"start":{"line":137,"column":4},"end":{"line":137,"column":87}},"57":{"start":{"line":142,"column":27},"end":{"line":156,"column":1}},"58":{"start":{"line":143,"column":2},"end":{"line":155,"column":3}},"59":{"start":{"line":144,"column":21},"end":{"line":144,"column":48}},"60":{"start":{"line":145,"column":4},"end":{"line":147,"column":5}},"61":{"start":{"line":146,"column":6},"end":{"line":146,"column":80}},"62":{"start":{"line":150,"column":4},"end":{"line":150,"column":30}},"63":{"start":{"line":151,"column":4},"end":{"line":151,"column":38}},"64":{"start":{"line":153,"column":4},"end":{"line":153,"column":55}},"65":{"start":{"line":154,"column":4},"end":{"line":154,"column":87}},"66":{"start":{"line":158,"column":0},"end":{"line":162,"column":2}}},"fnMap":{"0":{"name":"(anonymous_0)","decl":{"start":{"line":4,"column":22},"end":{"line":4,"column":23}},"loc":{"start":{"line":4,"column":29},"end":{"line":4,"column":68}},"line":4},"1":{"name":"validateProfile","decl":{"start":{"line":6,"column":9},"end":{"line":6,"column":24}},"loc":{"start":{"line":6,"column":31},"end":{"line":30,"column":1}},"line":6},"2":{"name":"(anonymous_2)","decl":{"start":{"line":34,"column":24},"end":{"line":34,"column":25}},"loc":{"start":{"line":34,"column":44},"end":{"line":96,"column":1}},"line":34},"3":{"name":"(anonymous_3)","decl":{"start":{"line":100,"column":19},"end":{"line":100,"column":20}},"loc":{"start":{"line":100,"column":39},"end":{"line":139,"column":1}},"line":100},"4":{"name":"(anonymous_4)","decl":{"start":{"line":133,"column":41},"end":{"line":133,"column":42}},"loc":{"start":{"line":133,"column":48},"end":{"line":133,"column":66}},"line":133},"5":{"name":"(anonymous_5)","decl":{"start":{"line":142,"column":27},"end":{"line":142,"column":28}},"loc":{"start":{"line":142,"column":47},"end":{"line":156,"column":1}},"line":142}},"branchMap":{"0":{"loc":{"start":{"line":19,"column":2},"end":{"line":19,"column":101}},"type":"if","locations":[{"start":{"line":19,"column":2},"end":{"line":19,"column":101}},{"start":{},"end":{}}],"line":19},"1":{"loc":{"start":{"line":19,"column":6},"end":{"line":19,"column":39}},"type":"binary-expr","locations":[{"start":{"line":19,"column":6},"end":{"line":19,"column":15}},{"start":{"line":19,"column":19},"end":{"line":19,"column":39}}],"line":19},"2":{"loc":{"start":{"line":20,"column":2},"end":{"line":20,"column":112}},"type":"if","locations":[{"start":{"line":20,"column":2},"end":{"line":20,"column":112}},{"start":{},"end":{}}],"line":20},"3":{"loc":{"start":{"line":20,"column":6},"end":{"line":20,"column":44}},"type":"binary-expr","locations":[{"start":{"line":20,"column":6},"end":{"line":20,"column":17}},{"start":{"line":20,"column":21},"end":{"line":20,"column":44}}],"line":20},"4":{"loc":{"start":{"line":21,"column":2},"end":{"line":21,"column":95}},"type":"if","locations":[{"start":{"line":21,"column":2},"end":{"line":21,"column":95}},{"start":{},"end":{}}],"line":21},"5":{"loc":{"start":{"line":21,"column":6},"end":{"line":21,"column":43}},"type":"binary-expr","locations":[{"start":{"line":21,"column":6},"end":{"line":21,"column":16}},{"start":{"line":21,"column":20},"end":{"line":21,"column":43}}],"line":21},"6":{"loc":{"start":{"line":22,"column":2},"end":{"line":22,"column":90}},"type":"if","locations":[{"start":{"line":22,"column":2},"end":{"line":22,"column":90}},{"start":{},"end":{}}],"line":22},"7":{"loc":{"start":{"line":22,"column":6},"end":{"line":22,"column":32}},"type":"binary-expr","locations":[{"start":{"line":22,"column":6},"end":{"line":22,"column":11}},{"start":{"line":22,"column":15},"end":{"line":22,"column":32}}],"line":22},"8":{"loc":{"start":{"line":23,"column":2},"end":{"line":23,"column":94}},"type":"if","locations":[{"start":{"line":23,"column":2},"end":{"line":23,"column":94}},{"start":{},"end":{}}],"line":23},"9":{"loc":{"start":{"line":23,"column":6},"end":{"line":23,"column":34}},"type":"binary-expr","locations":[{"start":{"line":23,"column":6},"end":{"line":23,"column":12}},{"start":{"line":23,"column":16},"end":{"line":23,"column":34}}],"line":23},"10":{"loc":{"start":{"line":24,"column":2},"end":{"line":24,"column":113}},"type":"if","locations":[{"start":{"line":24,"column":2},"end":{"line":24,"column":113}},{"start":{},"end":{}}],"line":24},"11":{"loc":{"start":{"line":24,"column":6},"end":{"line":24,"column":58}},"type":"binary-expr","locations":[{"start":{"line":24,"column":6},"end":{"line":24,"column":14}},{"start":{"line":24,"column":18},"end":{"line":24,"column":36}},{"start":{"line":24,"column":40},"end":{"line":24,"column":58}}],"line":24},"12":{"loc":{"start":{"line":25,"column":2},"end":{"line":25,"column":105}},"type":"if","locations":[{"start":{"line":25,"column":2},"end":{"line":25,"column":105}},{"start":{},"end":{}}],"line":25},"13":{"loc":{"start":{"line":25,"column":6},"end":{"line":25,"column":62}},"type":"binary-expr","locations":[{"start":{"line":25,"column":6},"end":{"line":25,"column":13}},{"start":{"line":25,"column":17},"end":{"line":25,"column":39}},{"start":{"line":25,"column":43},"end":{"line":25,"column":62}}],"line":25},"14":{"loc":{"start":{"line":26,"column":2},"end":{"line":27,"column":39}},"type":"if","locations":[{"start":{"line":26,"column":2},"end":{"line":27,"column":39}},{"start":{},"end":{}}],"line":26},"15":{"loc":{"start":{"line":26,"column":6},"end":{"line":26,"column":80}},"type":"binary-expr","locations":[{"start":{"line":26,"column":6},"end":{"line":26,"column":19}},{"start":{"line":26,"column":23},"end":{"line":26,"column":51}},{"start":{"line":26,"column":55},"end":{"line":26,"column":80}}],"line":26},"16":{"loc":{"start":{"line":38,"column":2},"end":{"line":40,"column":3}},"type":"if","locations":[{"start":{"line":38,"column":2},"end":{"line":40,"column":3}},{"start":{},"end":{}}],"line":38},"17":{"loc":{"start":{"line":43,"column":2},"end":{"line":44,"column":78}},"type":"if","locations":[{"start":{"line":43,"column":2},"end":{"line":44,"column":78}},{"start":{},"end":{}}],"line":43},"18":{"loc":{"start":{"line":52,"column":4},"end":{"line":54,"column":5}},"type":"if","locations":[{"start":{"line":52,"column":4},"end":{"line":54,"column":5}},{"start":{},"end":{}}],"line":52},"19":{"loc":{"start":{"line":71,"column":8},"end":{"line":71,"column":32}},"type":"binary-expr","locations":[{"start":{"line":71,"column":8},"end":{"line":71,"column":24}},{"start":{"line":71,"column":28},"end":{"line":71,"column":32}}],"line":71},"20":{"loc":{"start":{"line":108,"column":4},"end":{"line":109,"column":82}},"type":"if","locations":[{"start":{"line":108,"column":4},"end":{"line":109,"column":82}},{"start":{},"end":{}}],"line":108},"21":{"loc":{"start":{"line":145,"column":4},"end":{"line":147,"column":5}},"type":"if","locations":[{"start":{"line":145,"column":4},"end":{"line":147,"column":5}},{"start":{},"end":{}}],"line":145}},"s":{"0":1,"1":1,"2":0,"3":0,"4":0,"5":0,"6":0,"7":0,"8":0,"9":0,"10":0,"11":0,"12":0,"13":0,"14":0,"15":0,"16":0,"17":0,"18":0,"19":0,"20":0,"21":1,"22":0,"23":0,"24":0,"25":0,"26":0,"27":0,"28":0,"29":0,"30":0,"31":0,"32":0,"33":0,"34":0,"35":0,"36":0,"37":0,"38":0,"39":0,"40":0,"41":0,"42":0,"43":1,"44":0,"45":0,"46":0,"47":0,"48":0,"49":0,"50":0,"51":0,"52":0,"53":0,"54":0,"55":0,"56":0,"57":1,"58":0,"59":0,"60":0,"61":0,"62":0,"63":0,"64":0,"65":0,"66":1},"f":{"0":0,"1":0,"2":0,"3":0,"4":0,"5":0},"b":{"0":[0,0],"1":[0,0],"2":[0,0],"3":[0,0],"4":[0,0],"5":[0,0],"6":[0,0],"7":[0,0],"8":[0,0],"9":[0,0],"10":[0,0],"11":[0,0,0],"12":[0,0],"13":[0,0,0],"14":[0,0],"15":[0,0,0],"16":[0,0],"17":[0,0],"18":[0,0],"19":[0,0],"20":[0,0],"21":[0,0]},"_coverageSchema":"1a1c01bbd47fc00a2c39e90264f33305004495a9","hash":"88cba7d208783fc0069fee9a65d583afd382806d"}
,"/Users/erinsebastian/Desktop/COSC-4353/server/models/db.js": {"path":"/Users/erinsebastian/Desktop/COSC-4353/server/models/db.js","statementMap":{"0":{"start":{"line":2,"column":14},"end":{"line":2,"column":39}},"1":{"start":{"line":3,"column":11},"end":{"line":3,"column":24}},"2":{"start":{"line":4,"column":0},"end":{"line":4,"column":27}},"3":{"start":{"line":6,"column":11},"end":{"line":18,"column":2}},"4":{"start":{"line":20,"column":0},"end":{"line":20,"column":20}}},"fnMap":{},"branchMap":{},"s":{"0":2,"1":2,"2":2,"3":2,"4":2},"f":{},"b":{},"_coverageSchema":"1a1c01bbd47fc00a2c39e90264f33305004495a9","hash":"c4327f843f62b554ddd3ca416a49ae24dceeb4f5"}
}
