{"C:\\Users\\dgrif\\class\\COSC-4353\\server\\controllers\\adminLoginController.js": {"path":"C:\\Users\\dgrif\\class\\COSC-4353\\server\\controllers\\adminLoginController.js","statementMap":{"0":{"start":{"line":1,"column":26},"end":{"line":4,"column":3}},"1":{"start":{"line":6,"column":21},"end":{"line":28,"column":3}},"2":{"start":{"line":7,"column":35},"end":{"line":7,"column":43}},"3":{"start":{"line":9,"column":4},"end":{"line":11,"column":5}},"4":{"start":{"line":10,"column":6},"end":{"line":10,"column":79}},"5":{"start":{"line":13,"column":4},"end":{"line":27,"column":5}},"6":{"start":{"line":17,"column":6},"end":{"line":24,"column":9}},"7":{"start":{"line":26,"column":6},"end":{"line":26,"column":70}},"8":{"start":{"line":30,"column":2},"end":{"line":30,"column":34}}},"fnMap":{"0":{"name":"(anonymous_0)","decl":{"start":{"line":6,"column":21},"end":{"line":6,"column":22}},"loc":{"start":{"line":6,"column":35},"end":{"line":28,"column":3}},"line":6}},"branchMap":{"0":{"loc":{"start":{"line":9,"column":4},"end":{"line":11,"column":5}},"type":"if","locations":[{"start":{"line":9,"column":4},"end":{"line":11,"column":5}},{"start":{},"end":{}}],"line":9},"1":{"loc":{"start":{"line":9,"column":8},"end":{"line":9,"column":30}},"type":"binary-expr","locations":[{"start":{"line":9,"column":8},"end":{"line":9,"column":17}},{"start":{"line":9,"column":21},"end":{"line":9,"column":30}}],"line":9},"2":{"loc":{"start":{"line":13,"column":4},"end":{"line":27,"column":5}},"type":"if","locations":[{"start":{"line":13,"column":4},"end":{"line":27,"column":5}},{"start":{"line":25,"column":11},"end":{"line":27,"column":5}}],"line":13},"3":{"loc":{"start":{"line":14,"column":6},"end":{"line":15,"column":45}},"type":"binary-expr","locations":[{"start":{"line":14,"column":6},"end":{"line":14,"column":45}},{"start":{"line":15,"column":6},"end":{"line":15,"column":45}}],"line":14}},"s":{"0":1,"1":1,"2":3,"3":3,"4":1,"5":2,"6":1,"7":1,"8":1},"f":{"0":3},"b":{"0":[1,2],"1":[3,2],"2":[1,1],"3":[2,1]},"_coverageSchema":"1a1c01bbd47fc00a2c39e90264f33305004495a9","hash":"26893c595af81f0df01060c79d1068515c81ca11"}
,"C:\\Users\\dgrif\\class\\COSC-4353\\server\\controllers\\eventController.js": {"path":"C:\\Users\\dgrif\\class\\COSC-4353\\server\\controllers\\eventController.js","statementMap":{"0":{"start":{"line":1,"column":13},"end":{"line":1,"column":15}},"1":{"start":{"line":3,"column":18},"end":{"line":5,"column":1}},"2":{"start":{"line":4,"column":2},"end":{"line":4,"column":19}},"3":{"start":{"line":7,"column":20},"end":{"line":33,"column":1}},"4":{"start":{"line":11,"column":6},"end":{"line":11,"column":14}},"5":{"start":{"line":13,"column":2},"end":{"line":15,"column":3}},"6":{"start":{"line":14,"column":4},"end":{"line":14,"column":72}},"7":{"start":{"line":17,"column":19},"end":{"line":29,"column":3}},"8":{"start":{"line":31,"column":2},"end":{"line":31,"column":24}},"9":{"start":{"line":32,"column":2},"end":{"line":32,"column":70}},"10":{"start":{"line":35,"column":20},"end":{"line":44,"column":1}},"11":{"start":{"line":36,"column":17},"end":{"line":36,"column":27}},"12":{"start":{"line":37,"column":21},"end":{"line":37,"column":62}},"13":{"start":{"line":37,"column":45},"end":{"line":37,"column":61}},"14":{"start":{"line":38,"column":2},"end":{"line":40,"column":3}},"15":{"start":{"line":39,"column":4},"end":{"line":39,"column":64}},"16":{"start":{"line":42,"column":2},"end":{"line":42,"column":62}},"17":{"start":{"line":43,"column":2},"end":{"line":43,"column":68}},"18":{"start":{"line":46,"column":20},"end":{"line":55,"column":1}},"19":{"start":{"line":47,"column":17},"end":{"line":47,"column":27}},"20":{"start":{"line":48,"column":16},"end":{"line":48,"column":57}},"21":{"start":{"line":48,"column":40},"end":{"line":48,"column":56}},"22":{"start":{"line":49,"column":2},"end":{"line":51,"column":3}},"23":{"start":{"line":50,"column":4},"end":{"line":50,"column":64}},"24":{"start":{"line":53,"column":2},"end":{"line":53,"column":26}},"25":{"start":{"line":54,"column":2},"end":{"line":54,"column":41}},"26":{"start":{"line":57,"column":0},"end":{"line":63,"column":2}}},"fnMap":{"0":{"name":"(anonymous_0)","decl":{"start":{"line":3,"column":18},"end":{"line":3,"column":19}},"loc":{"start":{"line":3,"column":32},"end":{"line":5,"column":1}},"line":3},"1":{"name":"(anonymous_1)","decl":{"start":{"line":7,"column":20},"end":{"line":7,"column":21}},"loc":{"start":{"line":7,"column":34},"end":{"line":33,"column":1}},"line":7},"2":{"name":"(anonymous_2)","decl":{"start":{"line":35,"column":20},"end":{"line":35,"column":21}},"loc":{"start":{"line":35,"column":34},"end":{"line":44,"column":1}},"line":35},"3":{"name":"(anonymous_3)","decl":{"start":{"line":37,"column":38},"end":{"line":37,"column":39}},"loc":{"start":{"line":37,"column":45},"end":{"line":37,"column":61}},"line":37},"4":{"name":"(anonymous_4)","decl":{"start":{"line":46,"column":20},"end":{"line":46,"column":21}},"loc":{"start":{"line":46,"column":34},"end":{"line":55,"column":1}},"line":46},"5":{"name":"(anonymous_5)","decl":{"start":{"line":48,"column":33},"end":{"line":48,"column":34}},"loc":{"start":{"line":48,"column":40},"end":{"line":48,"column":56}},"line":48}},"branchMap":{"0":{"loc":{"start":{"line":13,"column":2},"end":{"line":15,"column":3}},"type":"if","locations":[{"start":{"line":13,"column":2},"end":{"line":15,"column":3}},{"start":{},"end":{}}],"line":13},"1":{"loc":{"start":{"line":13,"column":6},"end":{"line":13,"column":100}},"type":"binary-expr","locations":[{"start":{"line":13,"column":6},"end":{"line":13,"column":11}},{"start":{"line":13,"column":15},"end":{"line":13,"column":27}},{"start":{"line":13,"column":31},"end":{"line":13,"column":36}},{"start":{"line":13,"column":40},"end":{"line":13,"column":46}},{"start":{"line":13,"column":50},"end":{"line":13,"column":54}},{"start":{"line":13,"column":58},"end":{"line":13,"column":72}},{"start":{"line":13,"column":76},"end":{"line":13,"column":100}}],"line":13},"2":{"loc":{"start":{"line":38,"column":2},"end":{"line":40,"column":3}},"type":"if","locations":[{"start":{"line":38,"column":2},"end":{"line":40,"column":3}},{"start":{},"end":{}}],"line":38},"3":{"loc":{"start":{"line":49,"column":2},"end":{"line":51,"column":3}},"type":"if","locations":[{"start":{"line":49,"column":2},"end":{"line":51,"column":3}},{"start":{},"end":{}}],"line":49}},"s":{"0":1,"1":1,"2":1,"3":1,"4":2,"5":2,"6":1,"7":1,"8":1,"9":1,"10":1,"11":2,"12":2,"13":2,"14":2,"15":1,"16":1,"17":1,"18":1,"19":2,"20":2,"21":2,"22":2,"23":1,"24":1,"25":1,"26":1},"f":{"0":1,"1":2,"2":2,"3":2,"4":2,"5":2},"b":{"0":[1,1],"1":[2,2,1,1,1,1,1],"2":[1,1],"3":[1,1]},"_coverageSchema":"1a1c01bbd47fc00a2c39e90264f33305004495a9","hash":"d1f9df658a264bb47ffd0cc77ad5e9c3e87acadf"}
,"C:\\Users\\dgrif\\class\\COSC-4353\\server\\controllers\\matchingController.js": {"path":"C:\\Users\\dgrif\\class\\COSC-4353\\server\\controllers\\matchingController.js","statementMap":{"0":{"start":{"line":1,"column":11},"end":{"line":1,"column":34}},"1":{"start":{"line":3,"column":0},"end":{"line":69,"column":2}},"2":{"start":{"line":4,"column":18},"end":{"line":4,"column":35}},"3":{"start":{"line":6,"column":2},"end":{"line":68,"column":3}},"4":{"start":{"line":8,"column":23},"end":{"line":12,"column":16}},"5":{"start":{"line":14,"column":4},"end":{"line":14,"column":91}},"6":{"start":{"line":14,"column":26},"end":{"line":14,"column":91}},"7":{"start":{"line":16,"column":28},"end":{"line":16,"column":39}},"8":{"start":{"line":19,"column":29},"end":{"line":21,"column":16}},"9":{"start":{"line":22,"column":25},"end":{"line":22,"column":64}},"10":{"start":{"line":22,"column":51},"end":{"line":22,"column":63}},"11":{"start":{"line":24,"column":4},"end":{"line":24,"column":97}},"12":{"start":{"line":24,"column":30},"end":{"line":24,"column":97}},"13":{"start":{"line":27,"column":24},"end":{"line":29,"column":16}},"14":{"start":{"line":30,"column":27},"end":{"line":30,"column":67}},"15":{"start":{"line":30,"column":48},"end":{"line":30,"column":66}},"16":{"start":{"line":32,"column":4},"end":{"line":32,"column":105}},"17":{"start":{"line":32,"column":32},"end":{"line":32,"column":105}},"18":{"start":{"line":35,"column":21},"end":{"line":37,"column":21}},"19":{"start":{"line":40,"column":26},"end":{"line":40,"column":28}},"20":{"start":{"line":42,"column":4},"end":{"line":58,"column":5}},"21":{"start":{"line":44,"column":32},"end":{"line":46,"column":26}},"22":{"start":{"line":47,"column":28},"end":{"line":47,"column":68}},"23":{"start":{"line":47,"column":55},"end":{"line":47,"column":67}},"24":{"start":{"line":49,"column":27},"end":{"line":49,"column":89}},"25":{"start":{"line":49,"column":58},"end":{"line":49,"column":88}},"26":{"start":{"line":52,"column":24},"end":{"line":52,"column":82}},"27":{"start":{"line":53,"column":26},"end":{"line":53,"column":60}},"28":{"start":{"line":55,"column":6},"end":{"line":57,"column":7}},"29":{"start":{"line":56,"column":8},"end":{"line":56,"column":34}},"30":{"start":{"line":60,"column":4},"end":{"line":62,"column":5}},"31":{"start":{"line":61,"column":6},"end":{"line":61,"column":73}},"32":{"start":{"line":64,"column":4},"end":{"line":64,"column":44}},"33":{"start":{"line":66,"column":4},"end":{"line":66,"column":54}},"34":{"start":{"line":67,"column":4},"end":{"line":67,"column":61}}},"fnMap":{"0":{"name":"(anonymous_0)","decl":{"start":{"line":3,"column":20},"end":{"line":3,"column":21}},"loc":{"start":{"line":3,"column":40},"end":{"line":69,"column":1}},"line":3},"1":{"name":"(anonymous_1)","decl":{"start":{"line":22,"column":44},"end":{"line":22,"column":45}},"loc":{"start":{"line":22,"column":51},"end":{"line":22,"column":63}},"line":22},"2":{"name":"(anonymous_2)","decl":{"start":{"line":30,"column":41},"end":{"line":30,"column":42}},"loc":{"start":{"line":30,"column":48},"end":{"line":30,"column":66}},"line":30},"3":{"name":"(anonymous_3)","decl":{"start":{"line":47,"column":48},"end":{"line":47,"column":49}},"loc":{"start":{"line":47,"column":55},"end":{"line":47,"column":67}},"line":47},"4":{"name":"(anonymous_4)","decl":{"start":{"line":49,"column":47},"end":{"line":49,"column":48}},"loc":{"start":{"line":49,"column":58},"end":{"line":49,"column":88}},"line":49}},"branchMap":{"0":{"loc":{"start":{"line":14,"column":4},"end":{"line":14,"column":91}},"type":"if","locations":[{"start":{"line":14,"column":4},"end":{"line":14,"column":91}},{"start":{},"end":{}}],"line":14},"1":{"loc":{"start":{"line":24,"column":4},"end":{"line":24,"column":97}},"type":"if","locations":[{"start":{"line":24,"column":4},"end":{"line":24,"column":97}},{"start":{},"end":{}}],"line":24},"2":{"loc":{"start":{"line":32,"column":4},"end":{"line":32,"column":105}},"type":"if","locations":[{"start":{"line":32,"column":4},"end":{"line":32,"column":105}},{"start":{},"end":{}}],"line":32},"3":{"loc":{"start":{"line":55,"column":6},"end":{"line":57,"column":7}},"type":"if","locations":[{"start":{"line":55,"column":6},"end":{"line":57,"column":7}},{"start":{},"end":{}}],"line":55},"4":{"loc":{"start":{"line":55,"column":10},"end":{"line":55,"column":37}},"type":"binary-expr","locations":[{"start":{"line":55,"column":10},"end":{"line":55,"column":22}},{"start":{"line":55,"column":26},"end":{"line":55,"column":37}}],"line":55},"5":{"loc":{"start":{"line":60,"column":4},"end":{"line":62,"column":5}},"type":"if","locations":[{"start":{"line":60,"column":4},"end":{"line":62,"column":5}},{"start":{},"end":{}}],"line":60}},"s":{"0":1,"1":1,"2":2,"3":2,"4":2,"5":2,"6":0,"7":2,"8":2,"9":2,"10":3,"11":2,"12":0,"13":2,"14":2,"15":2,"16":2,"17":0,"18":2,"19":2,"20":2,"21":2,"22":2,"23":3,"24":2,"25":3,"26":2,"27":2,"28":2,"29":1,"30":2,"31":1,"32":1,"33":0,"34":0},"f":{"0":2,"1":3,"2":2,"3":3,"4":3},"b":{"0":[0,2],"1":[0,2],"2":[0,2],"3":[1,1],"4":[2,1],"5":[1,1]},"_coverageSchema":"1a1c01bbd47fc00a2c39e90264f33305004495a9","hash":"65f0f9969c98751bd96b98ad27f76ad8dcc5c972"}
}
