TN:
SF:server/controllers/adminLoginController.js
FN:6,(anonymous_0)
FNF:1
FNH:1
FNDA:3,(anonymous_0)
DA:1,1
DA:6,1
DA:7,3
DA:9,3
DA:10,1
DA:13,2
DA:17,1
DA:26,1
DA:30,1
LF:9
LH:9
BRDA:9,0,0,1
BRDA:9,0,1,2
BRDA:9,1,0,3
BRDA:9,1,1,2
BRDA:13,2,0,1
BRDA:13,2,1,1
BRDA:14,3,0,2
BRDA:14,3,1,1
BRF:8
BRH:8
end_of_record
TN:
SF:server/controllers/matchingController.js
FN:3,(anonymous_0)
FN:22,(anonymous_1)
FN:30,(anonymous_2)
FN:40,(anonymous_3)
FN:55,(anonymous_4)
FN:57,(anonymous_5)
FNF:6
FNH:5
FNDA:6,(anonymous_0)
FNDA:5,(anonymous_1)
FNDA:4,(anonymous_2)
FNDA:0,(anonymous_3)
FNDA:5,(anonymous_4)
FNDA:5,(anonymous_5)
DA:1,2
DA:3,2
DA:4,6
DA:6,6
DA:8,6
DA:14,5
DA:16,5
DA:19,5
DA:22,5
DA:24,5
DA:27,4
DA:30,4
DA:31,4
DA:35,4
DA:37,4
DA:40,4
DA:43,4
DA:48,4
DA:50,4
DA:52,4
DA:55,5
DA:57,5
DA:60,4
DA:61,4
DA:62,4
DA:64,4
DA:65,2
DA:72,4
DA:73,2
DA:76,2
DA:78,1
LF:31
LH:31
BRDA:14,0,0,0
BRDA:14,0,1,5
BRDA:24,1,0,1
BRDA:24,1,1,4
BRDA:35,2,0,0
BRDA:35,2,1,4
BRDA:60,3,0,0
BRDA:60,3,1,4
BRDA:60,4,0,4
BRDA:60,4,1,4
BRDA:64,5,0,2
BRDA:64,5,1,2
BRDA:64,6,0,4
BRDA:64,6,1,2
BRDA:72,7,0,2
BRDA:72,7,1,2
BRF:16
BRH:13
end_of_record
TN:
SF:server/controllers/profileController.js
FN:4,(anonymous_0)
FN:6,validateProfile
FN:34,(anonymous_2)
FN:100,(anonymous_3)
FN:133,(anonymous_4)
FN:142,(anonymous_5)
FNF:6
FNH:6
FNDA:6,(anonymous_0)
FNDA:15,validateProfile
FNDA:16,(anonymous_2)
FNDA:6,(anonymous_3)
FNDA:4,(anonymous_4)
FNDA:6,(anonymous_5)
DA:1,1
DA:4,6
DA:17,15
DA:19,15
DA:20,14
DA:21,12
DA:22,11
DA:23,9
DA:24,8
DA:25,7
DA:26,6
DA:27,1
DA:29,5
DA:34,1
DA:35,16
DA:36,16
DA:38,16
DA:39,1
DA:42,15
DA:43,15
DA:44,10
DA:46,5
DA:47,5
DA:52,4
DA:53,1
DA:56,3
DA:58,3
DA:75,3
DA:76,3
DA:82,3
DA:83,5
DA:89,3
DA:91,3
DA:93,1
DA:94,1
DA:100,1
DA:101,6
DA:103,6
DA:104,6
DA:108,4
DA:109,2
DA:111,2
DA:113,2
DA:118,2
DA:124,2
DA:129,2
DA:133,4
DA:136,2
DA:137,2
DA:142,1
DA:143,6
DA:144,6
DA:145,5
DA:146,2
DA:150,3
DA:151,3
DA:153,1
DA:154,1
DA:158,1
LF:59
LH:59
BRDA:19,0,0,1
BRDA:19,0,1,14
BRDA:19,1,0,15
BRDA:19,1,1,14
BRDA:20,2,0,2
BRDA:20,2,1,12
BRDA:20,3,0,14
BRDA:20,3,1,13
BRDA:21,4,0,1
BRDA:21,4,1,11
BRDA:21,5,0,12
BRDA:21,5,1,1
BRDA:22,6,0,2
BRDA:22,6,1,9
BRDA:22,7,0,11
BRDA:22,7,1,10
BRDA:23,8,0,1
BRDA:23,8,1,8
BRDA:23,9,0,9
BRDA:23,9,1,9
BRDA:24,10,0,1
BRDA:24,10,1,7
BRDA:24,11,0,8
BRDA:24,11,1,8
BRDA:24,11,2,7
BRDA:25,12,0,1
BRDA:25,12,1,6
BRDA:25,13,0,7
BRDA:25,13,1,7
BRDA:25,13,2,7
BRDA:26,14,0,1
BRDA:26,14,1,5
BRDA:26,15,0,6
BRDA:26,15,1,6
BRDA:26,15,2,6
BRDA:38,16,0,1
BRDA:38,16,1,15
BRDA:43,17,0,10
BRDA:43,17,1,5
BRDA:52,18,0,1
BRDA:52,18,1,3
BRDA:71,19,0,3
BRDA:71,19,1,1
BRDA:108,20,0,2
BRDA:108,20,1,2
BRDA:145,21,0,2
BRDA:145,21,1,3
BRF:47
BRH:47
end_of_record
TN:
SF:server/models/db.js
FNF:0
FNH:0
DA:2,2
DA:3,2
DA:4,2
DA:6,2
DA:21,2
LF:5
LH:5
BRF:0
BRH:0
end_of_record
