TN:
SF:server\controllers\adminLoginController.js
FN:6,(anonymous_0)
FNF:1
FNH:1
FNDA:3,(anonymous_0)
DA:1,1
DA:6,1
DA:7,3
DA:9,3
DA:10,1
DA:13,2
DA:17,1
DA:26,1
DA:30,1
LF:9
LH:9
BRDA:9,0,0,1
BRDA:9,0,1,2
BRDA:9,1,0,3
BRDA:9,1,1,2
BRDA:13,2,0,1
BRDA:13,2,1,1
BRDA:14,3,0,2
BRDA:14,3,1,1
BRF:8
BRH:8
end_of_record
TN:
SF:server\controllers\eventController.js
FN:3,(anonymous_0)
FN:7,(anonymous_1)
FN:35,(anonymous_2)
FN:37,(anonymous_3)
FN:46,(anonymous_4)
FN:48,(anonymous_5)
FNF:6
FNH:6
FNDA:1,(anonymous_0)
FNDA:2,(anonymous_1)
FNDA:2,(anonymous_2)
FNDA:2,(anonymous_3)
FNDA:2,(anonymous_4)
FNDA:2,(anonymous_5)
DA:1,1
DA:3,1
DA:4,1
DA:7,1
DA:11,2
DA:13,2
DA:14,1
DA:17,1
DA:31,1
DA:32,1
DA:35,1
DA:36,2
DA:37,2
DA:38,2
DA:39,1
DA:42,1
DA:43,1
DA:46,1
DA:47,2
DA:48,2
DA:49,2
DA:50,1
DA:53,1
DA:54,1
DA:57,1
LF:25
LH:25
BRDA:13,0,0,1
BRDA:13,0,1,1
BRDA:13,1,0,2
BRDA:13,1,1,2
BRDA:13,1,2,1
BRDA:13,1,3,1
BRDA:13,1,4,1
BRDA:13,1,5,1
BRDA:13,1,6,1
BRDA:38,2,0,1
BRDA:38,2,1,1
BRDA:49,3,0,1
BRDA:49,3,1,1
BRF:13
BRH:13
end_of_record
TN:
SF:server\controllers\matchingController.js
FN:3,(anonymous_0)
FN:22,(anonymous_1)
FN:30,(anonymous_2)
FN:40,(anonymous_3)
FN:55,(anonymous_4)
FN:57,(anonymous_5)
FNF:6
FNH:5
FNDA:4,(anonymous_0)
FNDA:4,(anonymous_1)
FNDA:3,(anonymous_2)
FNDA:0,(anonymous_3)
FNDA:4,(anonymous_4)
FNDA:4,(anonymous_5)
DA:1,1
DA:3,1
DA:4,4
DA:6,4
DA:8,4
DA:14,3
DA:16,3
DA:19,3
DA:22,4
DA:24,3
DA:27,3
DA:30,3
DA:31,3
DA:35,3
DA:37,3
DA:40,3
DA:43,3
DA:48,3
DA:50,3
DA:52,3
DA:55,4
DA:57,4
DA:60,3
DA:61,3
DA:62,3
DA:64,3
DA:65,1
DA:72,3
DA:73,2
DA:76,1
DA:78,1
LF:31
LH:31
BRDA:14,0,0,0
BRDA:14,0,1,3
BRDA:24,1,0,0
BRDA:24,1,1,3
BRDA:35,2,0,0
BRDA:35,2,1,3
BRDA:60,3,0,0
BRDA:60,3,1,3
BRDA:60,4,0,3
BRDA:60,4,1,3
BRDA:64,5,0,1
BRDA:64,5,1,2
BRDA:64,6,0,3
BRDA:64,6,1,1
BRDA:72,7,0,2
BRDA:72,7,1,1
BRF:16
BRH:12
end_of_record
